
****************************************
* Welcome to Access-SW3                *
* This device managed by XDNRoot       *
* Hack me please!                      *
****************************************
Access-SW3>terminal width 511
Access-SW3>terminal length 0
Access-SW3>
Access-SW3>
Access-SW3>enable
Password: 
Access-SW3#
Access-SW3#
Access-SW3#show run | include hostname
hostname Access-SW3
Access-SW3#
Access-SW3#configure terminal
Enter configuration commands, one per line.  End with CNTL/Z.
Access-SW3(config)#
Access-SW3(config)#banner exec ^
Enter TEXT message.  End with the character '^'.
****************************************
* Welcome to Access-SW3                *
* This device managed by XDNRoot       *
* Hack me please!                      *
****************************************
^
Access-SW3(config)#banner login ^
Enter TEXT message.  End with the character '^'.
****************************************
* Welcome to Access-SW3                *
* This device managed by XDNRoot       *
* Hack me please!                      *
****************************************
^
Access-SW3(config)#banner incoming ^
Enter TEXT message.  End with the character '^'.
****************************************
* Welcome to Access-SW3                *
* This device managed by XDNRoot       *
* Hack me please!                      *
****************************************
^
Access-SW3(config)#
Access-SW3(config)#end
Access-SW3#
Access-SW3#
Access-SW3#exit
