
**************************************************************************
* IOSv is strictly limited to use for evaluation, demonstration and IOS  *
* education. IOSv is provided as-is and is not supported by Cisco's      *
* Technical Advisory Center. Any use or disclosure, in whole or in part, *
* of the IOSv Software or Documentation to any third party for any       *
* purposes is expressly prohibited except as otherwise authorized by     *
* Cisco in writing.                                                      *
**************************************************************************
SWITCH>terminal width 511
SWITCH>terminal length 0
SWITCH>
SWITCH>
SWITCH>
SWITCH>
SWITCH>enable
Password: 
SWITCH#
SWITCH#
SWITCH#show ip int brief
Interface              IP-Address      OK? Method Status                Protocol
GigabitEthernet0/0     unassigned      YES unset  up                    up      
GigabitEthernet0/1     unassigned      YES unset  down                  down    
GigabitEthernet0/2     unassigned      YES unset  down                  down    
GigabitEthernet0/3     unassigned      YES unset  down                  down    
GigabitEthernet1/0     unassigned      YES unset  down                  down    
GigabitEthernet1/1     unassigned      YES unset  down                  down    
GigabitEthernet1/2     unassigned      YES unset  down                  down    
GigabitEthernet1/3     unassigned      YES unset  down                  down    
GigabitEthernet2/0     unassigned      YES unset  down                  down    
GigabitEthernet2/1     unassigned      YES unset  down                  down    
GigabitEthernet2/2     unassigned      YES unset  down                  down    
GigabitEthernet2/3     unassigned      YES unset  down                  down    
GigabitEthernet3/0     unassigned      YES unset  down                  down    
GigabitEthernet3/1     unassigned      YES unset  down                  down    
GigabitEthernet3/2     unassigned      YES unset  down                  down    
GigabitEthernet3/3     unassigned      YES unset  down                  down    
Vlan1                  10.1.1.70       YES manual up                    up      
SWITCH#
SWITCH#configure terminal
Enter configuration commands, one per line.  End with CNTL/Z.
SWITCH(config)#
SWITCH(config)#int lo0
SWITCH(config-if)#ip address 10.0.0.1 255.255.255.255
SWITCH(config-if)#
SWITCH(config-if)#end
SWITCH#
SWITCH#
SWITCH#show ip int brief
Interface              IP-Address      OK? Method Status                Protocol
GigabitEthernet0/0     unassigned      YES unset  up                    up      
GigabitEthernet0/1     unassigned      YES unset  down                  down    
GigabitEthernet0/2     unassigned      YES unset  down                  down    
GigabitEthernet0/3     unassigned      YES unset  down                  down    
GigabitEthernet1/0     unassigned      YES unset  down                  down    
GigabitEthernet1/1     unassigned      YES unset  down                  down    
GigabitEthernet1/2     unassigned      YES unset  down                  down    
GigabitEthernet1/3     unassigned      YES unset  down                  down    
GigabitEthernet2/0     unassigned      YES unset  down                  down    
GigabitEthernet2/1     unassigned      YES unset  down                  down    
GigabitEthernet2/2     unassigned      YES unset  down                  down    
GigabitEthernet2/3     unassigned      YES unset  down                  down    
GigabitEthernet3/0     unassigned      YES unset  down                  down    
GigabitEthernet3/1     unassigned      YES unset  down                  down    
GigabitEthernet3/2     unassigned      YES unset  down                  down    
GigabitEthernet3/3     unassigned      YES unset  down                  down    
Loopback0              10.0.0.1        YES manual up                    up      
Vlan1                  10.1.1.70       YES manual up                    up      
SWITCH#
SWITCH#exit
