
**************************************************************************
* IOSv is strictly limited to use for evaluation, demonstration and IOS  *
* education. IOSv is provided as-is and is not supported by Cisco's      *
* Technical Advisory Center. Any use or disclosure, in whole or in part, *
* of the IOSv Software or Documentation to any third party for any       *
* purposes is expressly prohibited except as otherwise authorized by     *
* Cisco in writing.                                                      *
**************************************************************************Access-SW1>terminal width 511
Access-SW1>terminal length 0
Access-SW1>
Access-SW1>
Access-SW1>enable
Password: 
Access-SW1#
Access-SW1#
Access-SW1#configure terminal
Enter configuration commands, one per line.  End with CNTL/Z.
Access-SW1(config)#
Access-SW1(config)#int g0/1
Access-SW1(config-if)#switchport trunk encapsulation dot1q
Access-SW1(config-if)#switchport mode trunk
Access-SW1(config-if)#switchport trunk allowed vlan 10,20
Access-SW1(config-if)#vtp version 2
Access-SW1(config)#vtp mode client
Setting device to VTP Client mode for VLANS.
Access-SW1(config)#vtp domain cisco
Changing VTP domain name from NULL to cisco
Access-SW1(config)#vtp password vtpcisco123
Setting device VTP password to vtpcisco123
Access-SW1(config)#
Access-SW1(config)#end
Access-SW1#
Access-SW1#
Access-SW1#
Access-SW1#
Access-SW1#
Access-SW1#write mem
Building configuration...

  Compressed configuration from 3936 bytes to 1882 bytes[OK]
Access-SW1#
Access-SW1#exit
